# JRE version: Java(TM) SE Runtime Environment (8.0-b132) (build 1.8.0-b132)
# Java VM: Java HotSpot(TM) 64-Bit Server VM (25.0-b70 mixed mode windows-amd64 compressed oops)
Heap:
 PSYoungGen      total 230400K, used 203021K [0x00000000f0000000, 0x0000000100000000, 0x0000000100000000)
  eden space 198656K, 97% used [0x00000000f0000000,0x00000000fbdf0158,0x00000000fc200000)
  from space 31744K, 26% used [0x00000000fc200000,0x00000000fca53580,0x00000000fe100000)
  to   space 30720K, 0% used [0x00000000fe200000,0x00000000fe200000,0x0000000100000000)
 ParOldGen       total 524288K, used 37821K [0x00000000d0000000, 0x00000000f0000000, 0x00000000f0000000)
  object space 524288K, 7% used [0x00000000d0000000,0x00000000d24ef4c0,0x00000000f0000000)
 Metaspace       used 38843K, capacity 40720K, committed 40960K, reserved 1085440K
  class space    used 4562K, capacity 5085K, committed 5120K, reserved 1048576K
GC Heap History (10 events):
Event: 11.456 GC heap before
{Heap before GC invocations=13 (full 1):
 PSYoungGen      total 236544K, used 231458K [0x00000000f0000000, 0x0000000100000000, 0x0000000100000000)
  eden space 215040K, 97% used [0x00000000f0000000,0x00000000fcd2dcf8,0x00000000fd200000)
  from space 21504K, 99% used [0x00000000fd200000,0x00000000fe6daec8,0x00000000fe700000)
  to   space 25600K, 0% used [0x00000000fe700000,0x00000000fe700000,0x0000000100000000)
 ParOldGen       total 524288K, used 16154K [0x00000000d0000000, 0x00000000f0000000, 0x00000000f0000000)
  object space 524288K, 3% used [0x00000000d0000000,0x00000000d0fc69d0,0x00000000f0000000)
 Metaspace       used 33173K, capacity 34806K, committed 34816K, reserved 1079296K
  class space    used 3814K, capacity 4343K, committed 4352K, reserved 1048576K
Event: 11.486 GC heap after
Heap after GC invocations=13 (full 1):
 PSYoungGen      total 228352K, used 24455K [0x00000000f0000000, 0x0000000100000000, 0x0000000100000000)
  eden space 202752K, 0% used [0x00000000f0000000,0x00000000f0000000,0x00000000fc600000)
  from space 25600K, 95% used [0x00000000fe700000,0x00000000ffee1cf8,0x0000000100000000)
  to   space 29696K, 0% used [0x00000000fc600000,0x00000000fc600000,0x00000000fe300000)
 ParOldGen       total 524288K, used 16162K [0x00000000d0000000, 0x00000000f0000000, 0x00000000f0000000)
  object space 524288K, 3% used [0x00000000d0000000,0x00000000d0fc89d0,0x00000000f0000000)
 Metaspace       used 33173K, capacity 34806K, committed 34816K, reserved 1079296K
  class space    used 3814K, capacity 4343K, committed 4352K, reserved 1048576K
}
Event: 11.585 GC heap before
{Heap before GC invocations=14 (full 1):
 PSYoungGen      total 228352K, used 79939K [0x00000000f0000000, 0x0000000100000000, 0x0000000100000000)
  eden space 202752K, 27% used [0x00000000f0000000,0x00000000f362f100,0x00000000fc600000)
  from space 25600K, 95% used [0x00000000fe700000,0x00000000ffee1cf8,0x0000000100000000)
  to   space 29696K, 0% used [0x00000000fc600000,0x00000000fc600000,0x00000000fe300000)
 ParOldGen       total 524288K, used 16162K [0x00000000d0000000, 0x00000000f0000000, 0x00000000f0000000)
  object space 524288K, 3% used [0x00000000d0000000,0x00000000d0fc89d0,0x00000000f0000000)
 Metaspace       used 33457K, capacity 35074K, committed 35328K, reserved 1081344K
  class space    used 3839K, capacity 4345K, committed 4352K, reserved 1048576K
Event: 11.625 GC heap after
Heap after GC invocations=14 (full 1):
 PSYoungGen      total 226304K, used 23308K [0x00000000f0000000, 0x0000000100000000, 0x0000000100000000)
  eden space 202752K, 0% used [0x00000000f0000000,0x00000000f0000000,0x00000000fc600000)
  from space 23552K, 98% used [0x00000000fc600000,0x00000000fdcc33a8,0x00000000fdd00000)
  to   space 31744K, 0% used [0x00000000fe100000,0x00000000fe100000,0x0000000100000000)
 ParOldGen       total 524288K, used 16170K [0x00000000d0000000, 0x00000000f0000000, 0x00000000f0000000)
  object space 524288K, 3% used [0x00000000d0000000,0x00000000d0fca9d0,0x00000000f0000000)
 Metaspace       used 33457K, capacity 35074K, committed 35328K, reserved 1081344K
  class space    used 3839K, capacity 4345K, committed 4352K, reserved 1048576K
}
Event: 11.625 GC heap before
{Heap before GC invocations=15 (full 2):
 PSYoungGen      total 226304K, used 23308K [0x00000000f0000000, 0x0000000100000000, 0x0000000100000000)
  eden space 202752K, 0% used [0x00000000f0000000,0x00000000f0000000,0x00000000fc600000)
  from space 23552K, 98% used [0x00000000fc600000,0x00000000fdcc33a8,0x00000000fdd00000)
  to   space 31744K, 0% used [0x00000000fe100000,0x00000000fe100000,0x0000000100000000)
 ParOldGen       total 524288K, used 16170K [0x00000000d0000000, 0x00000000f0000000, 0x00000000f0000000)
  object space 524288K, 3% used [0x00000000d0000000,0x00000000d0fca9d0,0x00000000f0000000)
 Metaspace       used 33457K, capacity 35074K, committed 35328K, reserved 1081344K
  class space    used 3839K, capacity 4345K, committed 4352K, reserved 1048576K
Event: 11.851 GC heap after
Heap after GC invocations=15 (full 2):
 PSYoungGen      total 226304K, used 0K [0x00000000f0000000, 0x0000000100000000, 0x0000000100000000)
  eden space 202752K, 0% used [0x00000000f0000000,0x00000000f0000000,0x00000000fc600000)
  from space 23552K, 0% used [0x00000000fc600000,0x00000000fc600000,0x00000000fdd00000)
  to   space 31744K, 0% used [0x00000000fe100000,0x00000000fe100000,0x0000000100000000)
 ParOldGen       total 524288K, used 37805K [0x00000000d0000000, 0x00000000f0000000, 0x00000000f0000000)
  object space 524288K, 7% used [0x00000000d0000000,0x00000000d24eb4c0,0x00000000f0000000)
 Metaspace       used 33450K, capacity 35062K, committed 35328K, reserved 1081344K
  class space    used 3838K, capacity 4343K, committed 4352K, reserved 1048576K
}
Event: 12.613 GC heap before
{Heap before GC invocations=16 (full 2):
 PSYoungGen      total 226304K, used 202752K [0x00000000f0000000, 0x0000000100000000, 0x0000000100000000)
  eden space 202752K, 100% used [0x00000000f0000000,0x00000000fc600000,0x00000000fc600000)
  from space 23552K, 0% used [0x00000000fc600000,0x00000000fc600000,0x00000000fdd00000)
  to   space 31744K, 0% used [0x00000000fe100000,0x00000000fe100000,0x0000000100000000)
 ParOldGen       total 524288K, used 37805K [0x00000000d0000000, 0x00000000f0000000, 0x00000000f0000000)
  object space 524288K, 7% used [0x00000000d0000000,0x00000000d24eb4c0,0x00000000f0000000)
 Metaspace       used 34567K, capacity 36228K, committed 36480K, reserved 1081344K
  class space    used 3956K, capacity 4476K, committed 4480K, reserved 1048576K
Event: 12.621 GC heap after
Heap after GC invocations=16 (full 2):
 PSYoungGen      total 230400K, used 4399K [0x00000000f0000000, 0x0000000100000000, 0x0000000100000000)
  eden space 198656K, 0% used [0x00000000f0000000,0x00000000f0000000,0x00000000fc200000)
  from space 31744K, 13% used [0x00000000fe100000,0x00000000fe54bd98,0x0000000100000000)
  to   space 31744K, 0% used [0x00000000fc200000,0x00000000fc200000,0x00000000fe100000)
 ParOldGen       total 524288K, used 37813K [0x00000000d0000000, 0x00000000f0000000, 0x00000000f0000000)
  object space 524288K, 7% used [0x00000000d0000000,0x00000000d24ed4c0,0x00000000f0000000)
 Metaspace       used 34567K, capacity 36228K, committed 36480K, reserved 1081344K
  class space    used 3956K, capacity 4476K, committed 4480K, reserved 1048576K
}
Event: 13.393 GC heap before
{Heap before GC invocations=17 (full 2):
 PSYoungGen      total 230400K, used 201005K [0x00000000f0000000, 0x0000000100000000, 0x0000000100000000)
  eden space 198656K, 98% used [0x00000000f0000000,0x00000000fbfff770,0x00000000fc200000)
  from space 31744K, 13% used [0x00000000fe100000,0x00000000fe54bd98,0x0000000100000000)
  to   space 31744K, 0% used [0x00000000fc200000,0x00000000fc200000,0x00000000fe100000)
 ParOldGen       total 524288K, used 37813K [0x00000000d0000000, 0x00000000f0000000, 0x00000000f0000000)
  object space 524288K, 7% used [0x00000000d0000000,0x00000000d24ed4c0,0x00000000f0000000)
 Metaspace       used 36090K, capacity 37792K, committed 38016K, reserved 1083392K
  class space    used 4157K, capacity 4720K, committed 4736K, reserved 1048576K
Event: 13.407 GC heap after
Heap after GC invocations=17 (full 2):
 PSYoungGen      total 230400K, used 8525K [0x00000000f0000000, 0x0000000100000000, 0x0000000100000000)
  eden space 198656K, 0% used [0x00000000f0000000,0x00000000f0000000,0x00000000fc200000)
  from space 31744K, 26% used [0x00000000fc200000,0x00000000fca53580,0x00000000fe100000)
  to   space 30720K, 0% used [0x00000000fe200000,0x00000000fe200000,0x0000000100000000)
 ParOldGen       total 524288K, used 37821K [0x00000000d0000000, 0x00000000f0000000, 0x00000000f0000000)
  object space 524288K, 7% used [0x00000000d0000000,0x00000000d24ef4c0,0x00000000f0000000)
 Metaspace       used 36090K, capacity 37792K, committed 38016K, reserved 1083392K
  class space    used 4157K, capacity 4720K, committed 4736K, reserved 1048576K
}

